# JRE version: OpenJDK Runtime Environment (19.0.1+10) (build 19.0.1+10-21)
# Java VM: OpenJDK 64-Bit Server VM (19.0.1+10-21, mixed mode, sharing, tiered, compressed oops, compressed class ptrs, g1 gc, windows-amd64)
GC Precious Log:
 CardTable entry size: 512
 Card Set container configuration: InlinePtr #cards 5 size 8 Array Of Cards #cards 12 size 40 Howl #buckets 4 coarsen threshold 1843 Howl Bitmap #cards 512 size 80 coarsen threshold 460 Card regions per heap region 1 cards per card region 2048
 CPUs: 4 total, 4 available
 Memory: 7991M
 Large Page Support: Disabled
 NUMA Support: Disabled
 Compressed Oops: Enabled (32-bit)
 Heap Region Size: 1M
 Heap Min Capacity: 256M
 Heap Initial Capacity: 256M
 Heap Max Capacity: 512M
 Pre-touch: Disabled
 Parallel Workers: 4
 Concurrent Workers: 1
 Concurrent Refinement Workers: 4
 Periodic GC: Disabled
Heap:
 garbage-first heap   total 262144K, used 111049K [0x00000000e0000000, 0x0000000100000000)
  region size 1024K, 48 young (49152K), 6 survivors (6144K)
 Metaspace       used 38311K, committed 39552K, reserved 278528K
  class space    used 5242K, committed 5888K, reserved 212992K
GC Heap History (18 events):
Event: 4.694 GC heap before
{Heap before GC invocations=0 (full 0):
 garbage-first heap   total 262144K, used 15360K [0x00000000e0000000, 0x0000000100000000)
  region size 1024K, 13 young (13312K), 0 survivors (0K)
 Metaspace       used 929K, committed 1088K, reserved 278528K
  class space    used 72K, committed 128K, reserved 212992K
}
Event: 4.699 GC heap after
{Heap after GC invocations=1 (full 0):
 garbage-first heap   total 262144K, used 3655K [0x00000000e0000000, 0x0000000100000000)
  region size 1024K, 2 young (2048K), 2 survivors (2048K)
 Metaspace       used 929K, committed 1088K, reserved 278528K
  class space    used 72K, committed 128K, reserved 212992K
}
Event: 6.775 GC heap before
{Heap before GC invocations=1 (full 0):
 garbage-first heap   total 262144K, used 22087K [0x00000000e0000000, 0x0000000100000000)
  region size 1024K, 18 young (18432K), 2 survivors (2048K)
 Metaspace       used 3846K, committed 4032K, reserved 278528K
  class space    used 467K, committed 576K, reserved 212992K
}
Event: 6.778 GC heap after
{Heap after GC invocations=2 (full 0):
 garbage-first heap   total 262144K, used 9332K [0x00000000e0000000, 0x0000000100000000)
  region size 1024K, 3 young (3072K), 3 survivors (3072K)
 Metaspace       used 3846K, committed 4032K, reserved 278528K
  class space    used 467K, committed 576K, reserved 212992K
}
Event: 12.611 GC heap before
{Heap before GC invocations=2 (full 0):
 garbage-first heap   total 262144K, used 31860K [0x00000000e0000000, 0x0000000100000000)
  region size 1024K, 25 young (25600K), 3 survivors (3072K)
 Metaspace       used 4004K, committed 4224K, reserved 278528K
  class space    used 469K, committed 576K, reserved 212992K
}
Event: 12.613 GC heap after
{Heap after GC invocations=3 (full 0):
 garbage-first heap   total 262144K, used 13386K [0x00000000e0000000, 0x0000000100000000)
  region size 1024K, 4 young (4096K), 4 survivors (4096K)
 Metaspace       used 4004K, committed 4224K, reserved 278528K
  class space    used 469K, committed 576K, reserved 212992K
}
Event: 19.672 GC heap before
{Heap before GC invocations=3 (full 0):
 garbage-first heap   total 262144K, used 104522K [0x00000000e0000000, 0x0000000100000000)
  region size 1024K, 89 young (91136K), 4 survivors (4096K)
 Metaspace       used 20865K, committed 21504K, reserved 278528K
  class space    used 3010K, committed 3328K, reserved 212992K
}
Event: 19.691 GC heap after
{Heap after GC invocations=4 (full 0):
 garbage-first heap   total 262144K, used 26912K [0x00000000e0000000, 0x0000000100000000)
  region size 1024K, 13 young (13312K), 13 survivors (13312K)
 Metaspace       used 20865K, committed 21504K, reserved 278528K
  class space    used 3010K, committed 3328K, reserved 212992K
}
Event: 21.666 GC heap before
{Heap before GC invocations=5 (full 0):
 garbage-first heap   total 262144K, used 149792K [0x00000000e0000000, 0x0000000100000000)
  region size 1024K, 109 young (111616K), 13 survivors (13312K)
 Metaspace       used 34795K, committed 35968K, reserved 278528K
  class space    used 4763K, committed 5376K, reserved 212992K
}
Event: 21.684 GC heap after
{Heap after GC invocations=6 (full 0):
 garbage-first heap   total 262144K, used 59725K [0x00000000e0000000, 0x0000000100000000)
  region size 1024K, 18 young (18432K), 18 survivors (18432K)
 Metaspace       used 34795K, committed 35968K, reserved 278528K
  class space    used 4763K, committed 5376K, reserved 212992K
}
Event: 23.205 GC heap before
{Heap before GC invocations=7 (full 0):
 garbage-first heap   total 262144K, used 161101K [0x00000000e0000000, 0x0000000100000000)
  region size 1024K, 110 young (112640K), 18 survivors (18432K)
 Metaspace       used 38232K, committed 39488K, reserved 278528K
  class space    used 5233K, committed 5888K, reserved 212992K
}
Event: 23.227 GC heap after
{Heap after GC invocations=8 (full 0):
 garbage-first heap   total 262144K, used 64931K [0x00000000e0000000, 0x0000000100000000)
  region size 1024K, 4 young (4096K), 4 survivors (4096K)
 Metaspace       used 38232K, committed 39488K, reserved 278528K
  class space    used 5233K, committed 5888K, reserved 212992K
}
Event: 24.850 GC heap before
{Heap before GC invocations=8 (full 0):
 garbage-first heap   total 262144K, used 197027K [0x00000000e0000000, 0x0000000100000000)
  region size 1024K, 133 young (136192K), 4 survivors (4096K)
 Metaspace       used 38295K, committed 39552K, reserved 278528K
  class space    used 5242K, committed 5888K, reserved 212992K
}
Event: 24.855 GC heap after
{Heap after GC invocations=9 (full 0):
 garbage-first heap   total 262144K, used 65150K [0x00000000e0000000, 0x0000000100000000)
  region size 1024K, 4 young (4096K), 4 survivors (4096K)
 Metaspace       used 38295K, committed 39552K, reserved 278528K
  class space    used 5242K, committed 5888K, reserved 212992K
}
Event: 25.859 GC heap before
{Heap before GC invocations=9 (full 0):
 garbage-first heap   total 262144K, used 212606K [0x00000000e0000000, 0x0000000100000000)
  region size 1024K, 148 young (151552K), 4 survivors (4096K)
 Metaspace       used 38304K, committed 39552K, reserved 278528K
  class space    used 5242K, committed 5888K, reserved 212992K
}
Event: 25.870 GC heap after
{Heap after GC invocations=10 (full 0):
 garbage-first heap   total 262144K, used 65604K [0x00000000e0000000, 0x0000000100000000)
  region size 1024K, 5 young (5120K), 5 survivors (5120K)
 Metaspace       used 38304K, committed 39552K, reserved 278528K
  class space    used 5242K, committed 5888K, reserved 212992K
}
Event: 27.098 GC heap before
{Heap before GC invocations=10 (full 0):
 garbage-first heap   total 262144K, used 216132K [0x00000000e0000000, 0x0000000100000000)
  region size 1024K, 152 young (155648K), 5 survivors (5120K)
 Metaspace       used 38311K, committed 39552K, reserved 278528K
  class space    used 5242K, committed 5888K, reserved 212992K
}
Event: 27.105 GC heap after
{Heap after GC invocations=11 (full 0):
 garbage-first heap   total 262144K, used 67017K [0x00000000e0000000, 0x0000000100000000)
  region size 1024K, 6 young (6144K), 6 survivors (6144K)
 Metaspace       used 38311K, committed 39552K, reserved 278528K
  class space    used 5242K, committed 5888K, reserved 212992K
}

