# JRE version: OpenJDK Runtime Environment (8.0_362-b08) (build 1.8.0_362-b08)
# Java VM: OpenJDK 64-Bit Server VM (25.362-b08 mixed mode windows-amd64 compressed oops)
Heap:
 PSYoungGen      total 160768K, used 92795K [0x00000000f5580000, 0x0000000100000000, 0x0000000100000000)
  eden space 146944K, 63% used [0x00000000f5580000,0x00000000fb01edf0,0x00000000fe500000)
  from space 13824K, 0% used [0x00000000ff280000,0x00000000ff280000,0x0000000100000000)
  to   space 13824K, 0% used [0x00000000fe500000,0x00000000fe500000,0x00000000ff280000)
 ParOldGen       total 175104K, used 14092K [0x00000000e0000000, 0x00000000eab00000, 0x00000000f5580000)
  object space 175104K, 8% used [0x00000000e0000000,0x00000000e0dc3348,0x00000000eab00000)
 Metaspace       used 37960K, capacity 39876K, committed 39936K, reserved 1083392K
  class space    used 5436K, capacity 5846K, committed 5888K, reserved 1048576K
GC Heap History (10 events):
Event: 4.250 GC heap before
{Heap before GC invocations=4 (full 0):
 PSYoungGen      total 76288K, used 51492K [0x00000000f5580000, 0x00000000fea80000, 0x0000000100000000)
  eden space 65536K, 62% used [0x00000000f5580000,0x00000000f7d4f2a0,0x00000000f9580000)
  from space 10752K, 99% used [0x00000000f9580000,0x00000000f9ff9f28,0x00000000fa000000)
  to   space 10752K, 0% used [0x00000000fe000000,0x00000000fe000000,0x00000000fea80000)
 ParOldGen       total 175104K, used 259K [0x00000000e0000000, 0x00000000eab00000, 0x00000000f5580000)
  object space 175104K, 0% used [0x00000000e0000000,0x00000000e0040e58,0x00000000eab00000)
 Metaspace       used 20547K, capacity 21244K, committed 21296K, reserved 1067008K
  class space    used 3006K, capacity 3190K, committed 3200K, reserved 1048576K
Event: 4.260 GC heap after
Heap after GC invocations=4 (full 0):
 PSYoungGen      total 141824K, used 10031K [0x00000000f5580000, 0x00000000fea80000, 0x0000000100000000)
  eden space 131072K, 0% used [0x00000000f5580000,0x00000000f5580000,0x00000000fd580000)
  from space 10752K, 93% used [0x00000000fe000000,0x00000000fe9cbd60,0x00000000fea80000)
  to   space 10752K, 0% used [0x00000000fd580000,0x00000000fd580000,0x00000000fe000000)
 ParOldGen       total 175104K, used 267K [0x00000000e0000000, 0x00000000eab00000, 0x00000000f5580000)
  object space 175104K, 0% used [0x00000000e0000000,0x00000000e0042e58,0x00000000eab00000)
 Metaspace       used 20547K, capacity 21244K, committed 21296K, reserved 1067008K
  class space    used 3006K, capacity 3190K, committed 3200K, reserved 1048576K
}
Event: 4.260 GC heap before
{Heap before GC invocations=5 (full 1):
 PSYoungGen      total 141824K, used 10031K [0x00000000f5580000, 0x00000000fea80000, 0x0000000100000000)
  eden space 131072K, 0% used [0x00000000f5580000,0x00000000f5580000,0x00000000fd580000)
  from space 10752K, 93% used [0x00000000fe000000,0x00000000fe9cbd60,0x00000000fea80000)
  to   space 10752K, 0% used [0x00000000fd580000,0x00000000fd580000,0x00000000fe000000)
 ParOldGen       total 175104K, used 267K [0x00000000e0000000, 0x00000000eab00000, 0x00000000f5580000)
  object space 175104K, 0% used [0x00000000e0000000,0x00000000e0042e58,0x00000000eab00000)
 Metaspace       used 20547K, capacity 21244K, committed 21296K, reserved 1067008K
  class space    used 3006K, capacity 3190K, committed 3200K, reserved 1048576K
Event: 4.298 GC heap after
Heap after GC invocations=5 (full 1):
 PSYoungGen      total 141824K, used 0K [0x00000000f5580000, 0x00000000fea80000, 0x0000000100000000)
  eden space 131072K, 0% used [0x00000000f5580000,0x00000000f5580000,0x00000000fd580000)
  from space 10752K, 0% used [0x00000000fe000000,0x00000000fe000000,0x00000000fea80000)
  to   space 10752K, 0% used [0x00000000fd580000,0x00000000fd580000,0x00000000fe000000)
 ParOldGen       total 175104K, used 9804K [0x00000000e0000000, 0x00000000eab00000, 0x00000000f5580000)
  object space 175104K, 5% used [0x00000000e0000000,0x00000000e0993020,0x00000000eab00000)
 Metaspace       used 20547K, capacity 21244K, committed 21296K, reserved 1067008K
  class space    used 3006K, capacity 3190K, committed 3200K, reserved 1048576K
}
Event: 5.876 GC heap before
{Heap before GC invocations=6 (full 1):
 PSYoungGen      total 141824K, used 131072K [0x00000000f5580000, 0x00000000fea80000, 0x0000000100000000)
  eden space 131072K, 100% used [0x00000000f5580000,0x00000000fd580000,0x00000000fd580000)
  from space 10752K, 0% used [0x00000000fe000000,0x00000000fe000000,0x00000000fea80000)
  to   space 10752K, 0% used [0x00000000fd580000,0x00000000fd580000,0x00000000fe000000)
 ParOldGen       total 175104K, used 9804K [0x00000000e0000000, 0x00000000eab00000, 0x00000000f5580000)
  object space 175104K, 5% used [0x00000000e0000000,0x00000000e0993020,0x00000000eab00000)
 Metaspace       used 31467K, capacity 33096K, committed 33152K, reserved 1077248K
  class space    used 4620K, capacity 4985K, committed 4992K, reserved 1048576K
Event: 5.898 GC heap after
Heap after GC invocations=6 (full 1):
 PSYoungGen      total 141824K, used 10739K [0x00000000f5580000, 0x0000000100000000, 0x0000000100000000)
  eden space 131072K, 0% used [0x00000000f5580000,0x00000000f5580000,0x00000000fd580000)
  from space 10752K, 99% used [0x00000000fd580000,0x00000000fdffcc28,0x00000000fe000000)
  to   space 13824K, 0% used [0x00000000ff280000,0x00000000ff280000,0x0000000100000000)
 ParOldGen       total 175104K, used 10660K [0x00000000e0000000, 0x00000000eab00000, 0x00000000f5580000)
  object space 175104K, 6% used [0x00000000e0000000,0x00000000e0a69080,0x00000000eab00000)
 Metaspace       used 31467K, capacity 33096K, committed 33152K, reserved 1077248K
  class space    used 4620K, capacity 4985K, committed 4992K, reserved 1048576K
}
Event: 6.604 GC heap before
{Heap before GC invocations=7 (full 1):
 PSYoungGen      total 141824K, used 35359K [0x00000000f5580000, 0x0000000100000000, 0x0000000100000000)
  eden space 131072K, 18% used [0x00000000f5580000,0x00000000f6d8b270,0x00000000fd580000)
  from space 10752K, 99% used [0x00000000fd580000,0x00000000fdffcc28,0x00000000fe000000)
  to   space 13824K, 0% used [0x00000000ff280000,0x00000000ff280000,0x0000000100000000)
 ParOldGen       total 175104K, used 10660K [0x00000000e0000000, 0x00000000eab00000, 0x00000000f5580000)
  object space 175104K, 6% used [0x00000000e0000000,0x00000000e0a69080,0x00000000eab00000)
 Metaspace       used 33631K, capacity 35238K, committed 35456K, reserved 1079296K
  class space    used 4817K, capacity 5162K, committed 5248K, reserved 1048576K
Event: 6.617 GC heap after
Heap after GC invocations=7 (full 1):
 PSYoungGen      total 160768K, used 6570K [0x00000000f5580000, 0x0000000100000000, 0x0000000100000000)
  eden space 146944K, 0% used [0x00000000f5580000,0x00000000f5580000,0x00000000fe500000)
  from space 13824K, 47% used [0x00000000ff280000,0x00000000ff8eab50,0x0000000100000000)
  to   space 13824K, 0% used [0x00000000fe500000,0x00000000fe500000,0x00000000ff280000)
 ParOldGen       total 175104K, used 10668K [0x00000000e0000000, 0x00000000eab00000, 0x00000000f5580000)
  object space 175104K, 6% used [0x00000000e0000000,0x00000000e0a6b080,0x00000000eab00000)
 Metaspace       used 33631K, capacity 35238K, committed 35456K, reserved 1079296K
  class space    used 4817K, capacity 5162K, committed 5248K, reserved 1048576K
}
Event: 6.617 GC heap before
{Heap before GC invocations=8 (full 2):
 PSYoungGen      total 160768K, used 6570K [0x00000000f5580000, 0x0000000100000000, 0x0000000100000000)
  eden space 146944K, 0% used [0x00000000f5580000,0x00000000f5580000,0x00000000fe500000)
  from space 13824K, 47% used [0x00000000ff280000,0x00000000ff8eab50,0x0000000100000000)
  to   space 13824K, 0% used [0x00000000fe500000,0x00000000fe500000,0x00000000ff280000)
 ParOldGen       total 175104K, used 10668K [0x00000000e0000000, 0x00000000eab00000, 0x00000000f5580000)
  object space 175104K, 6% used [0x00000000e0000000,0x00000000e0a6b080,0x00000000eab00000)
 Metaspace       used 33631K, capacity 35238K, committed 35456K, reserved 1079296K
  class space    used 4817K, capacity 5162K, committed 5248K, reserved 1048576K
Event: 6.683 GC heap after
Heap after GC invocations=8 (full 2):
 PSYoungGen      total 160768K, used 0K [0x00000000f5580000, 0x0000000100000000, 0x0000000100000000)
  eden space 146944K, 0% used [0x00000000f5580000,0x00000000f5580000,0x00000000fe500000)
  from space 13824K, 0% used [0x00000000ff280000,0x00000000ff280000,0x0000000100000000)
  to   space 13824K, 0% used [0x00000000fe500000,0x00000000fe500000,0x00000000ff280000)
 ParOldGen       total 175104K, used 14092K [0x00000000e0000000, 0x00000000eab00000, 0x00000000f5580000)
  object space 175104K, 8% used [0x00000000e0000000,0x00000000e0dc3348,0x00000000eab00000)
 Metaspace       used 33631K, capacity 35238K, committed 35456K, reserved 1079296K
  class space    used 4817K, capacity 5162K, committed 5248K, reserved 1048576K
}

